Arguments: 
  D:\NODE_JS\node.exe C:\Users\yq\AppData\Roaming\npm\node_modules\yarn\bin\yarn.js add cors

PATH: 
  C:\Program Files\Common Files\Oracle\Java\javapath;C:\Windows\system32;C:\Windows;C:\Windows\System32\Wbem;C:\Windows\System32\WindowsPowerShell\v1.0\;C:\Windows\System32\OpenSSH\;C:\ProgramData\chocolatey\bin;D:\mysql-8.0.23-winx64\bin;C:\Program Files\Java\jdk-17\bin;D:\nvm;D:\NODE_JS;C:\Users\yq\AppData\Local\Programs\Python\Python310\Scripts\;C:\Users\yq\AppData\Local\Programs\Python\Python310\;C:\Users\yq\AppData\Local\Microsoft\WindowsApps;C:\Users\yq\AppData\Local\Programs\Microsoft VS Code\bin;C:\Users\yq\AppData\Roaming\npm;xiaoman;D:\nvm;D:\NODE_JS

Yarn version: 
  1.22.11

Node version: 
  16.15.0

Platform: 
  win32 x64

Trace: 
  Error: read ECONNRESET
      at TLSWrap.onStreamRead (node:internal/stream_base_commons:217:20)

npm manifest: 
  {
    "name": "my-cli",
    "version": "1.0.0",
    "description": "",
    "main": "index.js",
    "scripts": {
      "test": "echo \"Error: no test specified\" && exit 1"
    },
    "keywords": [],
    "author": "Qi Yan",
    "license": "ISC",
    "bin":{
      "my-cli":"./bin/cli.js"
    }
  }

yarn manifest: 
  No manifest

Lockfile: 
  No lockfile
